This is pdfeTeX, Version 3.141592-1.21a-2.2 (Web2C 7.5.4) (format=latex 2008.12.3)  27 MAR 2009 23:15
entering extended mode
**ms.tex
(./ms.tex
LaTeX2e <2003/12/01>
Babel <v3.8d> and hyphenation patterns for american, french, german, ngerman, b
ahasa, basque, bulgarian, catalan, croatian, czech, danish, dutch, esperanto, e
stonian, finnish, greek, icelandic, irish, italian, latin, magyar, norsk, polis
h, portuges, romanian, russian, serbian, slovak, slovene, spanish, swedish, tur
kish, ukrainian, nohyphenation, loaded.
(./aastex.cls
Document Class: aastex 2005/06/22 5.2/AAS markup document class
Class aastex Info: Original \LaTeX2.09 style by Chris Biemesderfer (chris@seago
at.com). Adapted to \LaTeXe by A. Ogawa (ogawa@teleport.com) on input line 83.
(/sw/share/texmf-dist/tex/latex/base/article.cls
Document Class: article 2004/02/16 v1.4f Standard LaTeX document class
(/sw/share/texmf-dist/tex/latex/base/size12.clo
File: size12.clo 2004/02/16 v1.4f Standard LaTeX file (size option)
)
\c@part=\count79
\c@section=\count80
\c@subsection=\count81
\c@subsubsection=\count82
\c@paragraph=\count83
\c@subparagraph=\count84
\c@figure=\count85
\c@table=\count86
\abovecaptionskip=\skip41
\belowcaptionskip=\skip42
\bibindent=\dimen102
)
(/sw/share/texmf-dist/tex/latex/base/latexsym.sty
Package: latexsym 1998/08/17 v2.2e Standard LaTeX package (lasy symbols)
\symlasy=\mathgroup4
LaTeX Font Info:    Overwriting symbol font `lasy' in version `bold'
(Font)                  U/lasy/m/n --> U/lasy/b/n on input line 47.
)
(/sw/share/texmf-dist/tex/latex/graphics/graphicx.sty
Package: graphicx 1999/02/16 v1.0f Enhanced LaTeX Graphics (DPC,SPQR)

(/sw/share/texmf-dist/tex/latex/graphics/keyval.sty
Package: keyval 1999/03/16 v1.13 key=value parser (DPC)
\KV@toks@=\toks14
)
(/sw/share/texmf-dist/tex/latex/graphics/graphics.sty
Package: graphics 2001/07/07 v1.0n Standard LaTeX Graphics (DPC,SPQR)

(/sw/share/texmf-dist/tex/latex/graphics/trig.sty
Package: trig 1999/03/16 v1.09 sin cos tan (DPC)
)
(/sw/share/texmf-dist/tex/latex/graphics/graphics.cfg
File: graphics.cfg 2005/02/03 v1.3 graphics configuration of teTeX/TeXLive
)
Package graphics Info: Driver file: dvips.def on input line 80.

(/sw/share/texmf-dist/tex/latex/graphics/dvips.def
File: dvips.def 1999/02/16 v3.0i Driver-dependant file (DPC,SPQR)
))
\Gin@req@height=\dimen103
\Gin@req@width=\dimen104
)
(/sw/share/texmf-dist/tex/latex/amsfonts/amssymb.sty
Package: amssymb 2002/01/22 v2.2d

(/sw/share/texmf-dist/tex/latex/amsfonts/amsfonts.sty
Package: amsfonts 2001/10/25 v2.2f
\@emptytoks=\toks15
\symAMSa=\mathgroup5
\symAMSb=\mathgroup6
LaTeX Font Info:    Overwriting math alphabet `\mathfrak' in version `bold'
(Font)                  U/euf/m/n --> U/euf/b/n on input line 132.
))
(/Users/adam/Library/texmf/tex/latex/natbib.sty
Package: natbib 2003/06/06 7.1 (PWD)
\bibhang=\skip43
\bibsep=\skip44
LaTeX Info: Redefining \cite on input line 518.
\c@NAT@ctr=\count87
)
(/sw/share/texmf-dist/tex/latex/tools/verbatim.sty
Package: verbatim 2003/08/22 v1.5q LaTeX2e package for verbatim enhancements
\every@verbatim=\toks16
\verbatim@line=\toks17
\verbatim@in@stream=\read1
)
\@slugcmmntwidth=\dimen105
\abstract@box=\box26
\c@editornote=\count88
\c@cureqno=\count89
\tnotemarkskip=\skip45
\@abovenoteskip=\dimen106
\pt@box=\box27
\pt@width=\dimen107
\pt@line=\count90
\pt@column=\count91
\pt@nlines=\count92
\pt@ncol=\count93
\pt@page=\count94
\tabbaseskip=\dimen108
\pt@tmpcapwidth=\dimen109
\spew@tblnotesbox=\box28
\restof@tblnotesbox=\box29
\noteheight=\dimen110
\pt@tabnoteminht=\dimen111
\firsttabskip=\dimen112
\captionbox=\box30
\pt@reduceline=\dimen113
\extra@vspace=\dimen114
\c@plate=\count95
\my@footins=\box31
)
(/sw/share/texmf-dist/tex/latex/rotating/rotating.sty
Package: rotating 1997/09/26 v2.13 Rotation package

(/sw/share/texmf-dist/tex/latex/base/ifthen.sty
Package: ifthen 2001/05/26 v1.1c Standard LaTeX ifthen package (DPC)
)
\c@r@tfl@t=\count96
\rot@float@box=\box32
) (./ms.aux)
\openout1 = `ms.aux'.

LaTeX Font Info:    Checking defaults for OML/cmm/m/it on input line 105.
LaTeX Font Info:    ... okay on input line 105.
LaTeX Font Info:    Checking defaults for T1/cmr/m/n on input line 105.
LaTeX Font Info:    ... okay on input line 105.
LaTeX Font Info:    Checking defaults for OT1/cmr/m/n on input line 105.
LaTeX Font Info:    ... okay on input line 105.
LaTeX Font Info:    Checking defaults for OMS/cmsy/m/n on input line 105.
LaTeX Font Info:    ... okay on input line 105.
LaTeX Font Info:    Checking defaults for OMX/cmex/m/n on input line 105.
LaTeX Font Info:    ... okay on input line 105.
LaTeX Font Info:    Checking defaults for U/cmr/m/n on input line 105.
LaTeX Font Info:    ... okay on input line 105.

AAS preprint substyle, v5.2 <12 Dec 2003>.
LaTeX Font Info:    Try loading font information for U+lasy on input line 172.
(/sw/share/texmf-dist/tex/latex/base/ulasy.fd
File: ulasy.fd 1998/08/17 v2.2e LaTeX symbol font definitions
)
LaTeX Font Info:    Try loading font information for U+msa on input line 172.

(/sw/share/texmf-dist/tex/latex/amsfonts/umsa.fd
File: umsa.fd 2002/01/19 v2.2g AMS font definitions
)
LaTeX Font Info:    Try loading font information for U+msb on input line 172.

(/sw/share/texmf-dist/tex/latex/amsfonts/umsb.fd
File: umsb.fd 2002/01/19 v2.2g AMS font definitions
) [1

] [2]

LaTeX Warning: Reference `sec:FluxCalibration' on page 3 undefined on input lin
e 275.


LaTeX Warning: Reference `sec:Astrometry' on page 3 undefined on input line 276
.

Plotone included the file coverage_moll
File: coverage_moll.eps Graphic file (type eps)
<coverage_moll.eps> [3] [4]
Plotone included the file bolocam_bandpass
File: bolocam_bandpass.eps Graphic file (type eps)
<bolocam_bandpass.eps>
Page 1 of table 2 has been set to width 226.34297pt with 34 lines per page 

Overfull \hbox (469.75499pt too wide) in paragraph at lines 406--406
 [][][] 
 []

Plotone included the file scan_10deg
File: scan_10deg.eps Graphic file (type eps)
<scan_10deg.eps>
File: fig1_pg1_bw_inv_bar_label.ps Graphic file (type eps)
 <fig1_pg1_bw_inv_bar_label.ps>

LaTeX Warning: Float too large for page by 84.97044pt on input line 423.

File: fig1_pg2_bw_inv_bar_label.ps Graphic file (type eps)
<fig1_pg2_bw_inv_bar_label.ps>

LaTeX Warning: Float too large for page by 55.40358pt on input line 435.

[5] [6] [7]
Plotone included the file fluxcal_errorbars
File: fluxcal_errorbars.ps Graphic file (type eps)
<fluxcal_errorbars.ps>
Plotone included the file rel_flux_cal_050303_ob3_to_050405_o66
File: rel_flux_cal_050303_ob3_to_050405_o66.ps Graphic file (type eps)
<rel_flux_cal_050303_ob3_to_050405_o66.ps>
Plotone included the file relsens_cal
File: relsens_cal.ps Graphic file (type eps)
<relsens_cal.ps>
Page 1 of table 3 has been set to width 410.01407pt with 34 lines per page 

Overfull \hbox (469.75499pt too wide) in paragraph at lines 570--580
 [][][] 
 []

[8] [9]
Plotone included the file plane_astrometry
File: plane_astrometry.eps Graphic file (type eps)
<plane_astrometry.eps>
Plotone included the file pointing_model
File: pointing_model.ps Graphic file (type eps)
<pointing_model.ps>
Plotone included the file pointing_model_residuals
File: pointing_model_residuals.ps Graphic file (type eps)
<pointing_model_residuals.ps>
Plotone included the file pointing_model_skydist
File: pointing_model_skydist.ps Graphic file (type eps)
<pointing_model_skydist.ps> [10] [11]
Plotone included the file flagger_plots
File: flagger_plots.ps Graphic file (type eps)
<flagger_plots.ps>
Plotone included the file crs
File: crs.eps Graphic file (type eps)
<crs.eps>
Plotone included the file flagger_withglitch
File: flagger_withglitch.ps Graphic file (type eps)
<flagger_withglitch.ps>
Plotone included the file flagger_glitchboxflagged
File: flagger_glitchboxflagged.ps Graphic file (type eps)
<flagger_glitchboxflagged.ps>
Plotone included the file flagger_glitchgone
File: flagger_glitchgone.ps Graphic file (type eps)
<flagger_glitchgone.ps> [12]
Plotone included the file survey_depth
File: survey_depth.eps Graphic file (type eps)
<survey_depth.eps>
Plotone included the file aper_phot_hpf_beam
File: aper_phot_hpf_beam.eps Graphic file (type eps)
<aper_phot_hpf_beam.eps> [13] [14] [15] [16] [17] [18] [19] [20] [21] [22]
[23] [24] [25] [26] [27] [28] [29] [30]
Plotone included the file pca_comparison
File: pca_comparison.ps Graphic file (type eps)
<pca_comparison.ps> [31

]
Plotone included the file deconvolution_comparison
File: deconvolution_comparison.ps Graphic file (type eps)
<deconvolution_comparison.ps> [32

] [33]
Page 1 of table 4 has been set to width 408.73288pt with 34 lines per page 
[34] [35]
Page 2 of table 4 has been set to width 324.26015pt with 34 lines per page 

Overfull \hbox (469.75499pt too wide) in paragraph at lines 1094--1094
 [][][] 
 []

Page 1 of table 5 has been set to width 384.7109pt with 34 lines per page 
[36] [37]
Page 2 of table 5 has been set to width 394.50247pt with 34 lines per page 
[38] [39



] [40

] (./ms.bbl [41]) [42] (./ms.aux)

LaTeX Warning: There were undefined references.

 ) 
Here is how much of TeX's memory you used:
 1931 strings out of 94501
 21913 string characters out of 1176137
 80475 words of memory out of 1500000
 5071 multiletter control sequences out of 10000+50000
 13773 words of font info for 57 fonts, out of 1200000 for 2000
 580 hyphenation exceptions out of 8191
 32i,9n,29p,835b,310s stack positions out of 5000i,500n,6000p,200000b,5000s

Output written on ms.dvi (42 pages, 65676 bytes).
